Running: /mnt/support/software/linux/all/x86_64/Xilinx/14.2/ISE_DS/ISE/bin/lin64/unwrapped/fuse -intstyle ise -incremental -lib unisims_ver -lib unimacro_ver -lib xilinxcorelib_ver -lib secureip -o /ad/eng/users/a/n/anubhavg/Documents/EC551/Lab2/CPU_Test_isim_beh.exe -prj /ad/eng/users/a/n/anubhavg/Documents/EC551/Lab2/CPU_Test_beh.prj work.CPU_Test work.glbl 
ISim P.28xd (signature 0x54af6ca1)
Number of CPUs detected in this system: 8
Turning on mult-threading, number of parallel sub-compilation jobs: 16 
Determining compilation order of HDL files
Analyzing Verilog file "/ad/eng/users/a/n/anubhavg/Documents/EC551/Lab2/CPU.v" into library work
Analyzing Verilog file "/ad/eng/users/a/n/anubhavg/Documents/EC551/Lab2/CPU_Test.v" into library work
Analyzing Verilog file "/mnt/support/software/linux/all/x86_64/Xilinx/14.2/ISE_DS/ISE//verilog/src/glbl.v" into library work
Starting static elaboration
Completed static elaboration
Fuse Memory Usage: 93892 KB
Fuse CPU Usage: 790 ms
Compiling module Instruction_Reg
Compiling module nbit_register_file
Compiling module MUX_2x1
Compiling module ALU
Compiling module CPU
Compiling module CPU_Test
Compiling module glbl
Time Resolution for simulation is 1ps.
Waiting for 1 sub-compilation(s) to finish...
Compiled 7 Verilog Units
Built simulation executable /ad/eng/users/a/n/anubhavg/Documents/EC551/Lab2/CPU_Test_isim_beh.exe
Fuse Memory Usage: 1176332 KB
Fuse CPU Usage: 830 ms
GCC CPU Usage: 420 ms
